c:\users\logane\source\repos\2d shooter\2d shooter\debug\vc142.pdb
c:\users\logane\source\repos\2d shooter\2d shooter\debug\vc142.idb
c:\users\logane\source\repos\2d shooter\2d shooter\debug\health.obj
c:\users\logane\source\repos\2d shooter\2d shooter\debug\component.obj
c:\users\logane\source\repos\2d shooter\2d shooter\debug\room.obj
c:\users\logane\source\repos\2d shooter\2d shooter\debug\player.obj
c:\users\logane\source\repos\2d shooter\2d shooter\debug\game.obj
c:\users\logane\source\repos\2d shooter\2d shooter\debug\gameobject.obj
c:\users\logane\source\repos\2d shooter\2d shooter\debug\2d shooter.obj
c:\users\logane\source\repos\2d shooter\2d shooter\debug\meleeweapon.obj
c:\users\logane\source\repos\2d shooter\2d shooter\debug\item.obj
c:\users\logane\source\repos\2d shooter\2d shooter\debug\attack.obj
c:\users\logane\source\repos\2d shooter\2d shooter\debug\credit.obj
c:\users\logane\source\repos\2d shooter\2d shooter\debug\map.obj
c:\users\logane\source\repos\2d shooter\debug\2d shooter.exe
c:\users\logane\source\repos\2d shooter\debug\2d shooter.ilk
c:\users\logane\source\repos\2d shooter\debug\2d shooter.pdb
c:\users\logane\source\repos\2d shooter\2d shooter\debug\2d shooter.tlog\cl.command.1.tlog
c:\users\logane\source\repos\2d shooter\2d shooter\debug\2d shooter.tlog\cl.read.1.tlog
c:\users\logane\source\repos\2d shooter\2d shooter\debug\2d shooter.tlog\cl.write.1.tlog
c:\users\logane\source\repos\2d shooter\2d shooter\debug\2d shooter.tlog\link.command.1.tlog
c:\users\logane\source\repos\2d shooter\2d shooter\debug\2d shooter.tlog\link.read.1.tlog
c:\users\logane\source\repos\2d shooter\2d shooter\debug\2d shooter.tlog\link.write.1.tlog
